\BOOKMARK [1][-]{section.1}{\376\377\116\313\176\315}{}% 1
\BOOKMARK [1][-]{section.2}{\376\377\166\370\121\163\135\345\117\134}{}% 2
\BOOKMARK [2][-]{subsection.2.1}{\376\377\133\371\213\335\145\160\143\156\226\306}{section.2}% 3
\BOOKMARK [2][-]{subsection.2.2}{\376\377\133\146\116\140\176\323\147\204}{section.2}% 4
\BOOKMARK [1][-]{section.3}{\376\377\000U\000b\000u\000n\000t\000u\000\040\133\371\213\335\213\355\145\231}{}% 5
\BOOKMARK [2][-]{subsection.3.1}{\376\377\000U\000b\000u\000n\000t\000u\000\040\200\112\131\051\145\345\137\327}{section.3}% 6
\BOOKMARK [2][-]{subsection.3.2}{\376\377\145\160\143\156\226\306\165\037\142\020}{section.3}% 7
\BOOKMARK [3][-]{subsubsection.3.2.1}{\376\377\143\245\145\066\200\005\213\306\122\053}{subsection.3.2}% 8
\BOOKMARK [3][-]{subsubsection.3.2.2}{\376\377\213\355\123\345\165\037\142\020}{subsection.3.2}% 9
\BOOKMARK [3][-]{subsubsection.3.2.3}{\376\377\162\171\153\212\140\305\121\265\116\345\123\312\134\100\226\120\140\047}{subsection.3.2}% 10
\BOOKMARK [2][-]{subsection.3.3}{\376\377\145\160\143\156\226\306\176\337\213\241\117\341\140\157}{section.3}% 11
\BOOKMARK [2][-]{subsection.3.4}{\376\377\165\037\142\020\155\113\213\325\226\306}{section.3}% 12
\BOOKMARK [2][-]{subsection.3.5}{\376\377\213\304\117\060\145\271\154\325}{section.3}% 13
\BOOKMARK [1][-]{section.4}{\376\377\227\136\176\323\147\204\123\026\133\371\213\335\166\204\133\146\116\140\176\323\147\204}{}% 14
\BOOKMARK [2][-]{subsection.4.1}{\376\377\000T\000F\000-\000I\000D\000F}{section.4}% 15
\BOOKMARK [2][-]{subsection.4.2}{\376\377\000R\000N\000N}{section.4}% 16
\BOOKMARK [2][-]{subsection.4.3}{\376\377\000L\000S\000T\000M}{section.4}% 17
\BOOKMARK [1][-]{section.5}{\376\377\133\236\232\214\176\323\147\234}{}% 18
\BOOKMARK [1][-]{section.6}{\376\377\213\250\213\272}{}% 19
\BOOKMARK [2][-]{subsection.6.1}{\376\377\133\371\213\335\211\343\147\204}{section.6}% 20
\BOOKMARK [2][-]{subsection.6.2}{\376\377\145\071\123\330\155\113\213\325\226\306\226\276\136\246}{section.6}% 21
\BOOKMARK [2][-]{subsection.6.3}{\376\377\162\266\140\001\215\337\216\052\124\214\213\355\123\345\165\037\142\020}{section.6}% 22
\BOOKMARK [1][-]{appendix.A}{\376\377\133\371\213\335\144\130\142\204}{}% 23
